[2025-09-26 08:21:22,119] INFO [GroupCoordinator 0]: Preparing to rebalance group rcp-consumers in state PreparingRebalance with old generation 2 (__consumer_offsets-1) (reason: Removing member consumer-rcp-consumers-1-6081eb29-5673-4156-a8cb-43d71c31a035 on LeaveGroup; client reason: the consumer unsubscribed from all topics) (kafka.coordinator.group.GroupCoordinator)
[2025-09-26 08:21:22,122] INFO [GroupCoordinator 0]: Member MemberMetadata(memberId=consumer-rcp-consumers-1-6081eb29-5673-4156-a8cb-43d71c31a035, groupInstanceId=None, clientId=consumer-rcp-consumers-1, clientHost=/172.20.0.9, sessionTimeoutMs=45000, rebalanceTimeoutMs=300000, supportedProtocols=List(range, cooperative-sticky)) has left group rcp-consumers through explicit `LeaveGroup`; client reason: the consumer unsubscribed from all topics (kafka.coordinator.group.GroupCoordinator)
[2025-09-26 08:21:22,123] INFO [GroupCoordinator 0]: Group rcp-consumers with generation 3 is now empty (__consumer_offsets-1) (kafka.coordinator.group.GroupCoordinator)
[2025-09-26 08:21:22,128] INFO [GroupCoordinator 0]: Member MemberMetadata(memberId=consumer-rcp-consumers-2-157ef3da-2ff1-4b6c-bbb5-b5c1be93b4ac, groupInstanceId=None, clientId=consumer-rcp-consumers-2, clientHost=/172.20.0.9, sessionTimeoutMs=45000, rebalanceTimeoutMs=300000, supportedProtocols=List(range, cooperative-sticky)) has left group rcp-consumers through explicit `LeaveGroup`; client reason: the consumer unsubscribed from all topics (kafka.coordinator.group.GroupCoordinator)
[2025-09-26 08:21:22,152] INFO [GroupCoordinator 0]: Preparing to rebalance group us-consumer in state PreparingRebalance with old generation 3 (__consumer_offsets-27) (reason: Removing member consumer-us-consumer-1-c931b482-a4fe-4934-8f01-b70202f605f0 on LeaveGroup; client reason: the consumer unsubscribed from all topics) (kafka.coordinator.group.GroupCoordinator)
[2025-09-26 08:21:22,153] INFO [GroupCoordinator 0]: Group us-consumer with generation 4 is now empty (__consumer_offsets-27) (kafka.coordinator.group.GroupCoordinator)
[2025-09-26 08:21:22,156] INFO [GroupCoordinator 0]: Member MemberMetadata(memberId=consumer-us-consumer-1-c931b482-a4fe-4934-8f01-b70202f605f0, groupInstanceId=None, clientId=consumer-us-consumer-1, clientHost=/172.20.0.8, sessionTimeoutMs=45000, rebalanceTimeoutMs=300000, supportedProtocols=List(range, cooperative-sticky)) has left group us-consumer through explicit `LeaveGroup`; client reason: the consumer unsubscribed from all topics (kafka.coordinator.group.GroupCoordinator)
[2025-09-26 08:21:26,191] INFO Terminating process due to signal SIGTERM (org.apache.kafka.common.utils.LoggingSignalHandler)
[2025-09-26 08:21:26,195] INFO [KafkaServer id=0] shutting down (kafka.server.KafkaServer)
[2025-09-26 08:21:26,197] INFO [KafkaServer id=0] Starting controlled shutdown (kafka.server.KafkaServer)
[2025-09-26 08:21:26,230] INFO [KafkaServer id=0] Controlled shutdown request returned successfully after 22ms (kafka.server.KafkaServer)
[2025-09-26 08:21:26,240] INFO [/config/changes-event-process-thread]: Shutting down (kafka.common.ZkNodeChangeNotificationListener$ChangeEventProcessThread)
[2025-09-26 08:21:26,241] INFO [/config/changes-event-process-thread]: Stopped (kafka.common.ZkNodeChangeNotificationListener$ChangeEventProcessThread)
[2025-09-26 08:21:26,241] INFO [/config/changes-event-process-thread]: Shutdown completed (kafka.common.ZkNodeChangeNotificationListener$ChangeEventProcessThread)
[2025-09-26 08:21:26,242] INFO [SocketServer listenerType=ZK_BROKER, nodeId=0] Stopping socket server request processors (kafka.network.SocketServer)
[2025-09-26 08:21:26,260] INFO [SocketServer listenerType=ZK_BROKER, nodeId=0] Stopped socket server request processors (kafka.network.SocketServer)
[2025-09-26 08:21:26,261] INFO [data-plane Kafka Request Handler on Broker 0], shutting down (kafka.server.KafkaRequestHandlerPool)
[2025-09-26 08:21:26,263] INFO [data-plane Kafka Request Handler on Broker 0], shut down completely (kafka.server.KafkaRequestHandlerPool)
[2025-09-26 08:21:26,266] INFO [ExpirationReaper-0-AlterAcls]: Shutting down (kafka.server.DelayedOperationPurgatory$ExpiredOperationReaper)
[2025-09-26 08:21:26,267] INFO [ExpirationReaper-0-AlterAcls]: Stopped (kafka.server.DelayedOperationPurgatory$ExpiredOperationReaper)
[2025-09-26 08:21:26,267] INFO [ExpirationReaper-0-AlterAcls]: Shutdown completed (kafka.server.DelayedOperationPurgatory$ExpiredOperationReaper)
[2025-09-26 08:21:26,269] INFO [KafkaApi-0] Shutdown complete. (kafka.server.KafkaApis)
[2025-09-26 08:21:26,270] INFO [ExpirationReaper-0-topic]: Shutting down (kafka.server.DelayedOperationPurgatory$ExpiredOperationReaper)
[2025-09-26 08:21:26,271] INFO [ExpirationReaper-0-topic]: Stopped (kafka.server.DelayedOperationPurgatory$ExpiredOperationReaper)
[2025-09-26 08:21:26,271] INFO [ExpirationReaper-0-topic]: Shutdown completed (kafka.server.DelayedOperationPurgatory$ExpiredOperationReaper)
[2025-09-26 08:21:26,272] INFO [TransactionCoordinator id=0] Shutting down. (kafka.coordinator.transaction.TransactionCoordinator)
[2025-09-26 08:21:26,273] INFO [Transaction State Manager 0]: Shutdown complete (kafka.coordinator.transaction.TransactionStateManager)
[2025-09-26 08:21:26,273] INFO [TxnMarkerSenderThread-0]: Shutting down (kafka.coordinator.transaction.TransactionMarkerChannelManager)
[2025-09-26 08:21:26,273] INFO [TxnMarkerSenderThread-0]: Stopped (kafka.coordinator.transaction.TransactionMarkerChannelManager)
[2025-09-26 08:21:26,273] INFO [TxnMarkerSenderThread-0]: Shutdown completed (kafka.coordinator.transaction.TransactionMarkerChannelManager)
[2025-09-26 08:21:26,274] INFO [TransactionCoordinator id=0] Shutdown complete. (kafka.coordinator.transaction.TransactionCoordinator)
[2025-09-26 08:21:26,275] INFO [GroupCoordinator 0]: Shutting down. (kafka.coordinator.group.GroupCoordinator)
[2025-09-26 08:21:26,276] INFO [ExpirationReaper-0-Heartbeat]: Shutting down (kafka.server.DelayedOperationPurgatory$ExpiredOperationReaper)
[2025-09-26 08:21:26,276] INFO [ExpirationReaper-0-Heartbeat]: Stopped (kafka.server.DelayedOperationPurgatory$ExpiredOperationReaper)
[2025-09-26 08:21:26,276] INFO [ExpirationReaper-0-Heartbeat]: Shutdown completed (kafka.server.DelayedOperationPurgatory$ExpiredOperationReaper)
[2025-09-26 08:21:26,277] INFO [ExpirationReaper-0-Rebalance]: Shutting down (kafka.server.DelayedOperationPurgatory$ExpiredOperationReaper)
[2025-09-26 08:21:26,277] INFO [ExpirationReaper-0-Rebalance]: Shutdown completed (kafka.server.DelayedOperationPurgatory$ExpiredOperationReaper)
[2025-09-26 08:21:26,277] INFO [ExpirationReaper-0-Rebalance]: Stopped (kafka.server.DelayedOperationPurgatory$ExpiredOperationReaper)
[2025-09-26 08:21:26,277] INFO [GroupCoordinator 0]: Shutdown complete. (kafka.coordinator.group.GroupCoordinator)
[2025-09-26 08:21:26,278] INFO [ReplicaManager broker=0] Shutting down (kafka.server.ReplicaManager)
[2025-09-26 08:21:26,278] INFO [LogDirFailureHandler]: Shutting down (kafka.server.ReplicaManager$LogDirFailureHandler)
[2025-09-26 08:21:26,279] INFO [LogDirFailureHandler]: Stopped (kafka.server.ReplicaManager$LogDirFailureHandler)
[2025-09-26 08:21:26,279] INFO [LogDirFailureHandler]: Shutdown completed (kafka.server.ReplicaManager$LogDirFailureHandler)
[2025-09-26 08:21:26,279] INFO [ReplicaFetcherManager on broker 0] shutting down (kafka.server.ReplicaFetcherManager)
[2025-09-26 08:21:26,280] INFO [ReplicaFetcherManager on broker 0] shutdown completed (kafka.server.ReplicaFetcherManager)
[2025-09-26 08:21:26,280] INFO [ReplicaAlterLogDirsManager on broker 0] shutting down (kafka.server.ReplicaAlterLogDirsManager)
[2025-09-26 08:21:26,280] INFO [ReplicaAlterLogDirsManager on broker 0] shutdown completed (kafka.server.ReplicaAlterLogDirsManager)
[2025-09-26 08:21:26,280] INFO [ExpirationReaper-0-Fetch]: Shutting down (kafka.server.DelayedOperationPurgatory$ExpiredOperationReaper)
[2025-09-26 08:21:26,280] INFO [ExpirationReaper-0-Fetch]: Shutdown completed (kafka.server.DelayedOperationPurgatory$ExpiredOperationReaper)
[2025-09-26 08:21:26,281] INFO [ExpirationReaper-0-Fetch]: Stopped (kafka.server.DelayedOperationPurgatory$ExpiredOperationReaper)
[2025-09-26 08:21:26,281] INFO [ExpirationReaper-0-RemoteFetch]: Shutting down (kafka.server.DelayedOperationPurgatory$ExpiredOperationReaper)
[2025-09-26 08:21:26,281] INFO [ExpirationReaper-0-RemoteFetch]: Stopped (kafka.server.DelayedOperationPurgatory$ExpiredOperationReaper)
[2025-09-26 08:21:26,281] INFO [ExpirationReaper-0-RemoteFetch]: Shutdown completed (kafka.server.DelayedOperationPurgatory$ExpiredOperationReaper)
[2025-09-26 08:21:26,281] INFO [ExpirationReaper-0-Produce]: Shutting down (kafka.server.DelayedOperationPurgatory$ExpiredOperationReaper)
[2025-09-26 08:21:26,281] INFO [ExpirationReaper-0-Produce]: Stopped (kafka.server.DelayedOperationPurgatory$ExpiredOperationReaper)
[2025-09-26 08:21:26,281] INFO [ExpirationReaper-0-Produce]: Shutdown completed (kafka.server.DelayedOperationPurgatory$ExpiredOperationReaper)
[2025-09-26 08:21:26,282] INFO [ExpirationReaper-0-DeleteRecords]: Shutting down (kafka.server.DelayedOperationPurgatory$ExpiredOperationReaper)
[2025-09-26 08:21:26,282] INFO [ExpirationReaper-0-DeleteRecords]: Stopped (kafka.server.DelayedOperationPurgatory$ExpiredOperationReaper)
[2025-09-26 08:21:26,282] INFO [ExpirationReaper-0-DeleteRecords]: Shutdown completed (kafka.server.DelayedOperationPurgatory$ExpiredOperationReaper)
[2025-09-26 08:21:26,282] INFO [ExpirationReaper-0-ElectLeader]: Shutting down (kafka.server.DelayedOperationPurgatory$ExpiredOperationReaper)
[2025-09-26 08:21:26,282] INFO [ExpirationReaper-0-ElectLeader]: Stopped (kafka.server.DelayedOperationPurgatory$ExpiredOperationReaper)
[2025-09-26 08:21:26,282] INFO [ExpirationReaper-0-ElectLeader]: Shutdown completed (kafka.server.DelayedOperationPurgatory$ExpiredOperationReaper)
[2025-09-26 08:21:26,288] INFO [AddPartitionsToTxnSenderThread-0]: Shutting down (kafka.server.AddPartitionsToTxnManager)
[2025-09-26 08:21:26,288] INFO [AddPartitionsToTxnSenderThread-0]: Stopped (kafka.server.AddPartitionsToTxnManager)
[2025-09-26 08:21:26,288] INFO [AddPartitionsToTxnSenderThread-0]: Shutdown completed (kafka.server.AddPartitionsToTxnManager)
[2025-09-26 08:21:26,289] INFO [ReplicaManager broker=0] Shut down completely (kafka.server.ReplicaManager)
[2025-09-26 08:21:26,289] INFO [zk-broker-0-to-controller-alter-partition-channel-manager]: Shutting down (kafka.server.NodeToControllerRequestThread)
[2025-09-26 08:21:26,289] INFO [zk-broker-0-to-controller-alter-partition-channel-manager]: Stopped (kafka.server.NodeToControllerRequestThread)
[2025-09-26 08:21:26,289] INFO [zk-broker-0-to-controller-alter-partition-channel-manager]: Shutdown completed (kafka.server.NodeToControllerRequestThread)
[2025-09-26 08:21:26,291] INFO Node to controller channel manager for alter-partition shutdown (kafka.server.NodeToControllerChannelManagerImpl)
[2025-09-26 08:21:26,292] INFO [zk-broker-0-to-controller-forwarding-channel-manager]: Shutting down (kafka.server.NodeToControllerRequestThread)
[2025-09-26 08:21:26,292] INFO [zk-broker-0-to-controller-forwarding-channel-manager]: Stopped (kafka.server.NodeToControllerRequestThread)
[2025-09-26 08:21:26,292] INFO [zk-broker-0-to-controller-forwarding-channel-manager]: Shutdown completed (kafka.server.NodeToControllerRequestThread)
[2025-09-26 08:21:26,292] INFO Node to controller channel manager for forwarding shutdown (kafka.server.NodeToControllerChannelManagerImpl)
[2025-09-26 08:21:26,293] INFO Shutting down. (kafka.log.LogManager)
[2025-09-26 08:21:26,294] INFO [kafka-log-cleaner-thread-0]: Shutting down (kafka.log.LogCleaner$CleanerThread)
[2025-09-26 08:21:26,294] INFO [kafka-log-cleaner-thread-0]: Shutdown completed (kafka.log.LogCleaner$CleanerThread)
[2025-09-26 08:21:26,297] INFO [kafka-log-cleaner-thread-0]: Stopped (kafka.log.LogCleaner$CleanerThread)
[2025-09-26 08:21:26,336] INFO [ProducerStateManager partition=__consumer_offsets-27] Wrote producer snapshot at offset 20 with 0 producer ids in 1 ms. (org.apache.kafka.storage.internals.log.ProducerStateManager)
[2025-09-26 08:21:26,389] INFO [ProducerStateManager partition=game_event-0] Wrote producer snapshot at offset 2 with 1 producer ids in 2 ms. (org.apache.kafka.storage.internals.log.ProducerStateManager)
[2025-09-26 08:21:26,393] INFO [ProducerStateManager partition=__consumer_offsets-1] Wrote producer snapshot at offset 17 with 0 producer ids in 2 ms. (org.apache.kafka.storage.internals.log.ProducerStateManager)
[2025-09-26 08:21:26,406] INFO [ProducerStateManager partition=game_request-0] Wrote producer snapshot at offset 2 with 1 producer ids in 2 ms. (org.apache.kafka.storage.internals.log.ProducerStateManager)
[2025-09-26 08:21:26,411] INFO [ProducerStateManager partition=game_event-1] Wrote producer snapshot at offset 12 with 1 producer ids in 2 ms. (org.apache.kafka.storage.internals.log.ProducerStateManager)
[2025-09-26 08:21:26,457] INFO Shutdown complete. (kafka.log.LogManager)
[2025-09-26 08:21:26,464] INFO [feature-zk-node-event-process-thread]: Shutting down (kafka.server.FinalizedFeatureChangeListener$ChangeNotificationProcessorThread)
[2025-09-26 08:21:26,464] INFO [feature-zk-node-event-process-thread]: Stopped (kafka.server.FinalizedFeatureChangeListener$ChangeNotificationProcessorThread)
[2025-09-26 08:21:26,464] INFO [feature-zk-node-event-process-thread]: Shutdown completed (kafka.server.FinalizedFeatureChangeListener$ChangeNotificationProcessorThread)
[2025-09-26 08:21:26,465] INFO [ZooKeeperClient Kafka server] Closing. (kafka.zookeeper.ZooKeeperClient)
[2025-09-26 08:21:26,573] INFO Session: 0x1000017de1a0000 closed (org.apache.zookeeper.ZooKeeper)
[2025-09-26 08:21:26,573] INFO EventThread shut down for session: 0x1000017de1a0000 (org.apache.zookeeper.ClientCnxn)
[2025-09-26 08:21:26,575] INFO [ZooKeeperClient Kafka server] Closed. (kafka.zookeeper.ZooKeeperClient)
[2025-09-26 08:21:26,576] INFO [ThrottledChannelReaper-Fetch]: Shutting down (kafka.server.ClientQuotaManager$ThrottledChannelReaper)
[2025-09-26 08:21:26,579] INFO [ThrottledChannelReaper-Fetch]: Stopped (kafka.server.ClientQuotaManager$ThrottledChannelReaper)
[2025-09-26 08:21:26,579] INFO [ThrottledChannelReaper-Fetch]: Shutdown completed (kafka.server.ClientQuotaManager$ThrottledChannelReaper)
[2025-09-26 08:21:26,579] INFO [ThrottledChannelReaper-Produce]: Shutting down (kafka.server.ClientQuotaManager$ThrottledChannelReaper)
[2025-09-26 08:21:26,580] INFO [ThrottledChannelReaper-Produce]: Stopped (kafka.server.ClientQuotaManager$ThrottledChannelReaper)
[2025-09-26 08:21:26,580] INFO [ThrottledChannelReaper-Produce]: Shutdown completed (kafka.server.ClientQuotaManager$ThrottledChannelReaper)
[2025-09-26 08:21:26,580] INFO [ThrottledChannelReaper-Request]: Shutting down (kafka.server.ClientQuotaManager$ThrottledChannelReaper)
[2025-09-26 08:21:26,580] INFO [ThrottledChannelReaper-Request]: Stopped (kafka.server.ClientQuotaManager$ThrottledChannelReaper)
[2025-09-26 08:21:26,580] INFO [ThrottledChannelReaper-Request]: Shutdown completed (kafka.server.ClientQuotaManager$ThrottledChannelReaper)
[2025-09-26 08:21:26,581] INFO [ThrottledChannelReaper-ControllerMutation]: Shutting down (kafka.server.ClientQuotaManager$ThrottledChannelReaper)
[2025-09-26 08:21:26,581] INFO [ThrottledChannelReaper-ControllerMutation]: Stopped (kafka.server.ClientQuotaManager$ThrottledChannelReaper)
[2025-09-26 08:21:26,581] INFO [ThrottledChannelReaper-ControllerMutation]: Shutdown completed (kafka.server.ClientQuotaManager$ThrottledChannelReaper)
[2025-09-26 08:21:26,583] INFO [SocketServer listenerType=ZK_BROKER, nodeId=0] Shutting down socket server (kafka.network.SocketServer)
[2025-09-26 08:21:26,602] INFO [SocketServer listenerType=ZK_BROKER, nodeId=0] Shutdown completed (kafka.network.SocketServer)
[2025-09-26 08:21:26,603] INFO Metrics scheduler closed (org.apache.kafka.common.metrics.Metrics)
[2025-09-26 08:21:26,603] INFO Closing reporter org.apache.kafka.common.metrics.JmxReporter (org.apache.kafka.common.metrics.Metrics)
[2025-09-26 08:21:26,603] INFO Metrics reporters closed (org.apache.kafka.common.metrics.Metrics)
[2025-09-26 08:21:26,605] INFO Broker and topic stats closed (kafka.server.BrokerTopicStats)
[2025-09-26 08:21:26,606] INFO App info kafka.server for 0 unregistered (org.apache.kafka.common.utils.AppInfoParser)
[2025-09-26 08:21:26,606] INFO [KafkaServer id=0] shut down completed (kafka.server.KafkaServer)
